TN:
SF:src/ERC404/ERC404.sol
FN:169,ERC404.setWhitelist
FNDA:273,ERC404.setWhitelist
DA:170,273
BRDA:170,0,0,1
BRDA:170,0,1,272
DA:171,272
DA:172,272
FN:176,ERC404.ownerOf
FNDA:274,ERC404.ownerOf
DA:179,274
DA:180,274
BRDA:180,1,0,1
BRDA:180,1,1,273
FN:188,ERC404.approve
FNDA:38,ERC404.approve
DA:192,38
BRDA:192,2,0,1
BRDA:192,2,1,2
DA:194,3
DA:197,3
DA:198,2
BRDA:196,3,0,1
BRDA:196,3,1,2
DA:200,1
DA:203,2
DA:205,2
DA:208,35
DA:210,35
DA:212,37
FN:216,ERC404.setApprovalForAll
FNDA:8,ERC404.setApprovalForAll
DA:217,8
DA:219,8
FN:224,ERC404.transferFrom
FNDA:5,ERC404.transferFrom
DA:229,10
BRDA:229,4,0,-
BRDA:229,4,1,5
DA:230,8
BRDA:230,5,0,1
BRDA:230,5,1,7
DA:231,1
DA:234,7
BRDA:234,6,0,1
BRDA:234,6,1,6
DA:235,1
DA:239,6
DA:240,6
DA:241,1
BRDA:238,7,0,1
BRDA:238,7,1,5
DA:243,1
DA:246,5
DA:249,5
DA:252,5
DA:253,5
DA:256,5
DA:257,5
DA:259,5
DA:261,5
DA:263,5
DA:265,5
DA:267,5
DA:268,5
DA:270,2
DA:272,2
BRDA:272,8,0,2
BRDA:272,8,1,2
DA:273,2
DA:275,2
FN:280,ERC404.transfer
FNDA:536,ERC404.transfer
DA:284,536
FN:288,ERC404.safeTransferFrom
FNDA:4,ERC404.safeTransferFrom
DA:294,4
DA:295,2
BRDA:293,9,0,1
BRDA:293,9,1,3
DA:298,1
DA:300,3
FN:304,ERC404.safeTransferFrom
FNDA:3,ERC404.safeTransferFrom
DA:311,3
DA:312,2
BRDA:310,10,0,1
BRDA:310,10,1,2
DA:315,1
DA:318,2
FN:322,ERC404._transfer
FNDA:538,ERC404._transfer
DA:327,538
DA:328,538
DA:329,538
DA:331,538
DA:334,538
DA:338,538
BRDA:338,11,0,268
BRDA:338,11,1,268
DA:339,268
DA:341,268
DA:342,268
DA:347,538
BRDA:347,12,0,536
BRDA:347,12,1,538
DA:348,538
DA:350,538
DA:351,536
DA:355,538
DA:356,538
FN:360,ERC404._getUnit
FNDA:553,ERC404._getUnit
DA:361,553
FN:364,ERC404._mint
FNDA:536,ERC404._mint
DA:365,536
BRDA:365,13,0,-
BRDA:365,13,1,536
DA:366,0
DA:370,536
DA:373,536
DA:375,536
BRDA:375,14,0,-
BRDA:375,14,1,536
DA:376,0
DA:379,536
DA:380,536
DA:381,536
DA:383,536
FN:386,ERC404._burn
FNDA:268,ERC404._burn
DA:387,268
BRDA:387,15,0,-
BRDA:387,15,1,268
DA:388,0
DA:391,268
DA:392,268
DA:393,268
DA:394,268
DA:395,268
DA:397,268
FN:400,ERC404._setNameSymbol
FNDA:2,ERC404._setNameSymbol
DA:404,2
DA:405,2
DA:406,2
DA:407,2
DA:408,2
FN:25,Ownable.transferOwnership
FNDA:3,Ownable.transferOwnership
DA:26,2
BRDA:26,0,0,1
BRDA:26,0,1,1
DA:28,1
DA:30,1
FN:33,Ownable.revokeOwnership
FNDA:2,Ownable.revokeOwnership
DA:34,1
DA:36,1
FN:41,ERC721Receiver.onERC721Received
FNDA:0,ERC721Receiver.onERC721Received
DA:47,0
FNF:16
FNH:15
LF:96
LH:92
BRF:34
BRH:30
end_of_record
TN:
SF:src/Pandora.sol
FN:20,Pandora.setDataURI
FNDA:2,Pandora.setDataURI
DA:21,1
DA:22,1
DA:23,1
FN:26,Pandora.setTokenURI
FNDA:2,Pandora.setTokenURI
DA:27,1
DA:28,1
DA:29,1
FN:32,Pandora.setNameSymbol
FNDA:3,Pandora.setNameSymbol
DA:36,2
FN:39,Pandora.tokenURI
FNDA:257,Pandora.tokenURI
DA:40,257
BRDA:40,0,0,1
BRDA:40,0,1,256
DA:41,1
DA:43,256
DA:44,256
DA:45,256
DA:47,256
BRDA:47,1,0,108
BRDA:47,1,1,148
DA:48,108
DA:49,108
DA:50,148
BRDA:50,2,0,43
BRDA:50,2,1,105
DA:51,43
DA:52,43
DA:53,105
BRDA:53,3,0,70
BRDA:53,3,1,35
DA:54,70
DA:55,70
DA:56,35
BRDA:56,4,0,33
BRDA:56,4,1,2
DA:57,33
DA:58,33
DA:59,2
BRDA:59,5,0,2
BRDA:59,5,1,2
DA:60,2
DA:61,2
DA:64,256
DA:71,256
DA:75,256
DA:77,256
DA:78,256
FNF:4
FNH:4
LF:32
LH:32
BRF:12
BRH:12
end_of_record
TN:
SF:test/Pandora.t.sol
FN:9,NonNFTReceiver.onERC721Received
FNDA:2,NonNFTReceiver.onERC721Received
DA:17,2
FN:22,NFTReceiver.onERC721Received
FNDA:2,NFTReceiver.onERC721Received
DA:32,2
FNF:2
FNH:2
LF:2
LH:2
BRF:0
BRH:0
end_of_record
