TN:
SF:script/Counter.s.sol
FN:7,CounterScript.setUp
FNDA:0,CounterScript.setUp
FN:9,CounterScript.run
FNDA:0,CounterScript.run
DA:10,0
FNF:2
FNH:0
LF:1
LH:0
BRF:0
BRH:0
end_of_record
TN:
SF:src/ERC404/ERC404.sol
FN:41,ERC721Receiver.onERC721Received
FNDA:0,ERC721Receiver.onERC721Received
DA:47,0
FN:25,Ownable.transferOwnership
FNDA:0,Ownable.transferOwnership
DA:26,0
BRDA:26,0,0,-
BRDA:26,0,1,-
DA:28,0
DA:30,0
FN:33,Ownable.revokeOwnership
FNDA:0,Ownable.revokeOwnership
DA:34,0
DA:36,0
FN:173,ERC404.setWhitelist
FNDA:9,ERC404.setWhitelist
DA:174,9
BRDA:174,0,0,1
BRDA:174,0,1,8
DA:175,8
DA:176,8
FN:180,ERC404.ownerOf
FNDA:7,ERC404.ownerOf
DA:181,7
DA:182,7
BRDA:182,1,0,1
BRDA:182,1,1,6
FN:190,ERC404.approve
FNDA:15,ERC404.approve
DA:194,15
BRDA:194,2,0,-
BRDA:194,2,1,-
DA:196,0
DA:198,0
BRDA:198,3,0,-
BRDA:198,3,1,-
DA:199,0
DA:202,0
DA:204,0
DA:207,15
DA:209,15
DA:211,15
FN:215,ERC404.setApprovalForAll
FNDA:2,ERC404.setApprovalForAll
DA:216,2
DA:218,2
FN:223,ERC404.transferFrom
FNDA:5,ERC404.transferFrom
DA:228,5
BRDA:228,4,0,-
BRDA:228,4,1,1
DA:229,4
BRDA:229,5,0,1
BRDA:229,5,1,3
DA:230,1
DA:233,3
BRDA:233,6,0,1
BRDA:233,6,1,2
DA:234,1
DA:238,2
DA:239,2
DA:240,1
BRDA:237,7,0,1
BRDA:237,7,1,1
DA:242,1
DA:245,1
DA:248,1
DA:251,1
DA:252,1
DA:255,1
DA:256,1
DA:258,1
DA:260,1
DA:262,1
DA:264,1
DA:266,1
DA:267,1
DA:269,1
DA:271,1
BRDA:271,8,0,1
BRDA:271,8,1,1
DA:272,1
DA:274,1
FN:279,ERC404.transfer
FNDA:10,ERC404.transfer
DA:283,10
FN:287,ERC404.safeTransferFrom
FNDA:0,ERC404.safeTransferFrom
DA:292,0
DA:295,0
DA:296,0
BRDA:294,9,0,-
BRDA:294,9,1,-
DA:299,0
FN:304,ERC404.safeTransferFrom
FNDA:0,ERC404.safeTransferFrom
DA:310,0
DA:313,0
DA:314,0
BRDA:312,10,0,-
BRDA:312,10,1,-
DA:317,0
FN:322,ERC404._transfer
FNDA:11,ERC404._transfer
DA:327,11
DA:328,11
DA:329,11
DA:331,11
DA:334,11
DA:338,11
BRDA:338,11,0,5
BRDA:338,11,1,5
DA:339,5
DA:341,5
DA:342,5
DA:347,11
BRDA:347,12,0,10
BRDA:347,12,1,11
DA:348,11
DA:350,11
DA:351,10
DA:355,11
DA:356,11
FN:360,ERC404._getUnit
FNDA:14,ERC404._getUnit
DA:361,14
FN:364,ERC404._mint
FNDA:10,ERC404._mint
DA:365,10
BRDA:365,13,0,-
BRDA:365,13,1,10
DA:366,0
DA:370,10
DA:373,10
DA:375,10
BRDA:375,14,0,-
BRDA:375,14,1,10
DA:376,0
DA:379,10
DA:380,10
DA:381,10
DA:383,10
FN:386,ERC404._burn
FNDA:5,ERC404._burn
DA:387,5
BRDA:387,15,0,-
BRDA:387,15,1,5
DA:388,0
DA:391,5
DA:392,5
DA:393,5
DA:394,5
DA:395,5
DA:397,5
FN:400,ERC404._setNameSymbol
FNDA:2,ERC404._setNameSymbol
DA:404,2
DA:405,2
DA:406,2
DA:407,2
DA:408,2
FNF:16
FNH:11
LF:95
LH:73
BRF:34
BRH:20
end_of_record
TN:
SF:src/Pandora.sol
FN:17,Pandora.setDataURI
FNDA:0,Pandora.setDataURI
DA:18,0
FN:21,Pandora.setTokenURI
FNDA:0,Pandora.setTokenURI
DA:22,0
FN:25,Pandora.setNameSymbol
FNDA:3,Pandora.setNameSymbol
DA:29,2
FN:32,Pandora.tokenURI
FNDA:0,Pandora.tokenURI
DA:33,0
BRDA:33,0,0,-
BRDA:33,0,1,-
DA:34,0
DA:36,0
DA:37,0
DA:38,0
DA:40,0
BRDA:40,1,0,-
BRDA:40,1,1,-
DA:41,0
DA:42,0
DA:43,0
BRDA:43,2,0,-
BRDA:43,2,1,-
DA:44,0
DA:45,0
DA:46,0
BRDA:46,3,0,-
BRDA:46,3,1,-
DA:47,0
DA:48,0
DA:49,0
BRDA:49,4,0,-
BRDA:49,4,1,-
DA:50,0
DA:51,0
DA:52,0
BRDA:52,5,0,-
BRDA:52,5,1,-
DA:53,0
DA:54,0
DA:57,0
DA:64,0
DA:68,0
DA:70,0
DA:71,0
FNF:4
FNH:1
LF:28
LH:1
BRF:12
BRH:0
end_of_record
